E:\USERS\HAVIK\DOCUMENTS\VISUAL STUDIO 2012\PROJECTS\PERIMETER AND AREA CALCULATOR\PERIMETER AND AREA CALCULATOR\DEBUG\VC110.PDB
E:\USERS\HAVIK\DOCUMENTS\VISUAL STUDIO 2012\PROJECTS\PERIMETER AND AREA CALCULATOR\PERIMETER AND AREA CALCULATOR\DEBUG\SOURCE.OBJ
E:\USERS\HAVIK\DOCUMENTS\VISUAL STUDIO 2012\PROJECTS\PERIMETER AND AREA CALCULATOR\DEBUG\PERIMETER AND AREA CALCULATOR.ILK
E:\USERS\HAVIK\DOCUMENTS\VISUAL STUDIO 2012\PROJECTS\PERIMETER AND AREA CALCULATOR\DEBUG\PERIMETER AND AREA CALCULATOR.EXE
E:\USERS\HAVIK\DOCUMENTS\VISUAL STUDIO 2012\PROJECTS\PERIMETER AND AREA CALCULATOR\DEBUG\PERIMETER AND AREA CALCULATOR.PDB
e:\Users\Havik\documents\visual studio 2012\Projects\Perimeter and Area Calculator\Perimeter and Area Calculator\Debug\Source.obj
e:\Users\Havik\documents\visual studio 2012\Projects\Perimeter and Area Calculator\Perimeter and Area Calculator\Debug\cl.command.1.tlog
e:\Users\Havik\documents\visual studio 2012\Projects\Perimeter and Area Calculator\Perimeter and Area Calculator\Debug\CL.read.1.tlog
e:\Users\Havik\documents\visual studio 2012\Projects\Perimeter and Area Calculator\Perimeter and Area Calculator\Debug\CL.write.1.tlog
e:\Users\Havik\documents\visual studio 2012\Projects\Perimeter and Area Calculator\Perimeter and Area Calculator\Debug\link-cvtres.read.1.tlog
e:\Users\Havik\documents\visual studio 2012\Projects\Perimeter and Area Calculator\Perimeter and Area Calculator\Debug\link-cvtres.write.1.tlog
e:\Users\Havik\documents\visual studio 2012\Projects\Perimeter and Area Calculator\Perimeter and Area Calculator\Debug\link-rc.read.1.tlog
e:\Users\Havik\documents\visual studio 2012\Projects\Perimeter and Area Calculator\Perimeter and Area Calculator\Debug\link-rc.write.1.tlog
e:\Users\Havik\documents\visual studio 2012\Projects\Perimeter and Area Calculator\Perimeter and Area Calculator\Debug\link.command.1.tlog
e:\Users\Havik\documents\visual studio 2012\Projects\Perimeter and Area Calculator\Perimeter and Area Calculator\Debug\link.read.1.tlog
e:\Users\Havik\documents\visual studio 2012\Projects\Perimeter and Area Calculator\Perimeter and Area Calculator\Debug\link.write.1.tlog
e:\Users\Havik\documents\visual studio 2012\Projects\Perimeter and Area Calculator\Perimeter and Area Calculator\Debug\vc110.idb
e:\Users\Havik\documents\visual studio 2012\Projects\Perimeter and Area Calculator\Perimeter and Area Calculator\Debug\vc110.pdb
e:\users\havik\documents\visual studio 2012\Projects\Perimeter and Area Calculator\Debug\Perimeter and Area Calculator.pdb
e:\users\havik\documents\visual studio 2012\Projects\Perimeter and Area Calculator\Debug\Perimeter and Area Calculator.exe
e:\users\havik\documents\visual studio 2012\Projects\Perimeter and Area Calculator\Debug\Perimeter and Area Calculator.ilk
