D:\ASMBOOK 7\EXAMPLES\PROJECT32\DEBUG\PROJECT.ILK
D:\ASMBOOK 7\EXAMPLES\PROJECT32\DEBUG\PROJECT.EXE
D:\ASMBOOK 7\EXAMPLES\PROJECT32\DEBUG\PROJECT.PDB
D:\Asmbook 7\examples\Project32\Debug\algorithmWorkbench.obj
E:\Users\Havik\Documents\Visual Studio 2012\Projects\Lab1\Debug\AddTwo.obj
E:\Users\Havik\Documents\Visual Studio 2012\Projects\Lab1\Debug\Project.ilk
E:\Users\Havik\Documents\Visual Studio 2012\Projects\Lab1\Debug\link-cvtres.read.1.tlog
E:\Users\Havik\Documents\Visual Studio 2012\Projects\Lab1\Debug\link-cvtres.write.1.tlog
E:\Users\Havik\Documents\Visual Studio 2012\Projects\Lab1\Debug\link-rc.read.1.tlog
E:\Users\Havik\Documents\Visual Studio 2012\Projects\Lab1\Debug\link-rc.write.1.tlog
E:\Users\Havik\Documents\Visual Studio 2012\Projects\Lab1\Debug\link.6544-cvtres.read.1.tlog
E:\Users\Havik\Documents\Visual Studio 2012\Projects\Lab1\Debug\link.6544-cvtres.write.1.tlog
E:\Users\Havik\Documents\Visual Studio 2012\Projects\Lab1\Debug\link.6544-rc.read.1.tlog
E:\Users\Havik\Documents\Visual Studio 2012\Projects\Lab1\Debug\link.6544-rc.write.1.tlog
E:\Users\Havik\Documents\Visual Studio 2012\Projects\Lab1\Debug\link.6544.read.1.tlog
E:\Users\Havik\Documents\Visual Studio 2012\Projects\Lab1\Debug\link.6544.write.1.tlog
E:\Users\Havik\Documents\Visual Studio 2012\Projects\Lab1\Debug\link.command.1.tlog
E:\Users\Havik\Documents\Visual Studio 2012\Projects\Lab1\Debug\link.read.1.tlog
E:\Users\Havik\Documents\Visual Studio 2012\Projects\Lab1\Debug\link.write.1.tlog
E:\Users\Havik\Documents\Visual Studio 2012\Projects\Lab1\Debug\Project.write.1.tlog
E:\Users\Havik\Documents\Visual Studio 2012\Projects\Lab1\Debug\Project.pdb
E:\Users\Havik\Documents\Visual Studio 2012\Projects\Lab1\Debug\Project.exe
