Microsoft (R) Macro Assembler Version 12.00.30723.0	    10/24/14 14:28:25
main.asm						     Page 1 - 1


				;Manjinder Singh
				;lab2 assignment

				.386
				.model flat,stdcall
				.stack 4096
				ExitProcess proto,dwExitCode:dword

 00000000			.data
 00000000 12345678		dVal dword 12345678h
 00000004 00000000		dVal2 dword ?

 00000000			.code
 00000000			main proc
					;problem 5
 00000000  B0 01			mov al, 1	
 00000002  04 03			add al, 3	;PE = 0

					;problem 6
 00000004  B8 00000005			mov eax, 5
 00000009  83 E8 06			sub eax, 6	;eax = FFFFFFFFh, PL = 1

					;problem 7
 0000000C  B0 FF			mov al, -1
 0000000E  04 82			add al, 130	; as the val was already negative, when adding 130 it becomes 129, which is outrange so the OV doesn't change.

					;problem 10
 00000010  66| B8 0003			mov ax, 3
 00000014  66| A3			mov word ptr dVal+2, ax
	   00000002 R
 0000001A  A1 00000000 R		mov eax, dVal	; eax = 35678h

					;problem 11
 0000001F  C7 05 00000004 R		mov dVal2, 12345678h
	   12345678
 00000029  66| A1			mov ax, word ptr dVal2+2
	   00000006 R
 0000002F  66| 83 C0 03			add ax, 3
 00000033  66| A3			mov word ptr dVal2, ax
	   00000004 R
 00000039  A1 00000004 R		mov eax, dVal2	; eax = 567b5678h


					invoke ExitProcess,0
 0000003E  6A 00	   *	    push   +000000000h
 00000040  E8 00000000 E   *	    call   ExitProcess
 00000045			main endp
				end main
Microsoft (R) Macro Assembler Version 12.00.30723.0	    10/24/14 14:28:25
main.asm						     Symbols 2 - 1




Segments and Groups:

                N a m e                 Size     Length   Align   Combine Class

FLAT . . . . . . . . . . . . . .	GROUP
STACK  . . . . . . . . . . . . .	32 Bit	 00001000 DWord	  Stack	  'STACK'	 
_DATA  . . . . . . . . . . . . .	32 Bit	 00000008 DWord	  Public  'DATA'	
_TEXT  . . . . . . . . . . . . .	32 Bit	 00000045 DWord	  Public  'CODE'	


Procedures, parameters, and locals:

                N a m e                 Type     Value    Attr

ExitProcess  . . . . . . . . . .	P Near	 00000000 FLAT	Length= 00000000 External STDCALL
main . . . . . . . . . . . . . .	P Near	 00000000 _TEXT	Length= 00000045 Public STDCALL


Symbols:

                N a m e                 Type     Value    Attr

@CodeSize  . . . . . . . . . . .	Number	 00000000h   
@DataSize  . . . . . . . . . . .	Number	 00000000h   
@Interface . . . . . . . . . . .	Number	 00000003h   
@Model . . . . . . . . . . . . .	Number	 00000007h   
@code  . . . . . . . . . . . . .	Text   	 _TEXT
@data  . . . . . . . . . . . . .	Text   	 FLAT
@fardata?  . . . . . . . . . . .	Text   	 FLAT
@fardata . . . . . . . . . . . .	Text   	 FLAT
@stack . . . . . . . . . . . . .	Text   	 FLAT
dVal2  . . . . . . . . . . . . .	DWord	 00000004 _DATA	
dVal . . . . . . . . . . . . . .	DWord	 00000000 _DATA	

	   0 Warnings
	   0 Errors
