E:\USERS\HAVIK\DOCUMENTS\VISUAL STUDIO 2012\PROJECTS\STUDENT GRADE\STUDENT GRADE\DEBUG\MAIN.OBJ
E:\USERS\HAVIK\DOCUMENTS\VISUAL STUDIO 2012\PROJECTS\STUDENT GRADE\STUDENT GRADE\DEBUG\VC110.PDB
E:\USERS\HAVIK\DOCUMENTS\VISUAL STUDIO 2012\PROJECTS\STUDENT GRADE\DEBUG\STUDENT GRADE.ILK
E:\USERS\HAVIK\DOCUMENTS\VISUAL STUDIO 2012\PROJECTS\STUDENT GRADE\DEBUG\STUDENT GRADE.EXE
E:\USERS\HAVIK\DOCUMENTS\VISUAL STUDIO 2012\PROJECTS\STUDENT GRADE\DEBUG\STUDENT GRADE.PDB
e:\Users\Havik\documents\visual studio 2012\Projects\Student Grade\Student Grade\Debug\Main.obj
e:\Users\Havik\documents\visual studio 2012\Projects\Student Grade\Student Grade\Debug\cl.command.1.tlog
e:\Users\Havik\documents\visual studio 2012\Projects\Student Grade\Student Grade\Debug\CL.read.1.tlog
e:\Users\Havik\documents\visual studio 2012\Projects\Student Grade\Student Grade\Debug\CL.write.1.tlog
e:\Users\Havik\documents\visual studio 2012\Projects\Student Grade\Student Grade\Debug\link-cvtres.read.1.tlog
e:\Users\Havik\documents\visual studio 2012\Projects\Student Grade\Student Grade\Debug\link-cvtres.write.1.tlog
e:\Users\Havik\documents\visual studio 2012\Projects\Student Grade\Student Grade\Debug\link-rc.read.1.tlog
e:\Users\Havik\documents\visual studio 2012\Projects\Student Grade\Student Grade\Debug\link-rc.write.1.tlog
e:\Users\Havik\documents\visual studio 2012\Projects\Student Grade\Student Grade\Debug\link.command.1.tlog
e:\Users\Havik\documents\visual studio 2012\Projects\Student Grade\Student Grade\Debug\link.read.1.tlog
e:\Users\Havik\documents\visual studio 2012\Projects\Student Grade\Student Grade\Debug\link.write.1.tlog
e:\Users\Havik\documents\visual studio 2012\Projects\Student Grade\Student Grade\Debug\vc110.idb
e:\Users\Havik\documents\visual studio 2012\Projects\Student Grade\Student Grade\Debug\vc110.pdb
e:\users\havik\documents\visual studio 2012\Projects\Student Grade\Debug\Student Grade.pdb
e:\users\havik\documents\visual studio 2012\Projects\Student Grade\Debug\Student Grade.exe
e:\users\havik\documents\visual studio 2012\Projects\Student Grade\Debug\Student Grade.ilk
